-------------------------------------------------------------------------------
Test set: org.apache.commons.collections4.set.TransformedSetTest
-------------------------------------------------------------------------------
Tests run: 31, Failures: 1, Errors: 0, Skipped: 0, Time elapsed: 0.017 s <<< FAILURE! - in org.apache.commons.collections4.set.TransformedSetTest
testCollectionToArray2  Time elapsed: 0 s  <<< FAILURE!
junit.framework.AssertionFailedError: toArrays should be equal expected:<[6.0, Seven, 4, Three, Eight, One, Nine, 14, 11, 5.0, 16, null, 2, 10, Thirteen, 12, 15, ]> but was:<[14, Seven, 15, 6.0, Eight, 2, Three, 5.0, null, 10, , Thirteen, Nine, 4, One, 11, 16, 12]>

