-------------------------------------------------------------------------------
Test set: org.apache.commons.collections4.bag.CollectionBagTest
-------------------------------------------------------------------------------
Tests run: 29, Failures: 1, Errors: 0, Skipped: 0, Time elapsed: 0.011 s <<< FAILURE! - in org.apache.commons.collections4.bag.CollectionBagTest
testCollectionToArray2  Time elapsed: 0.002 s  <<< FAILURE!
junit.framework.AssertionFailedError: toArrays should be equal expected:<[Thirteen, 15, Seven, 2, 5.0, Nine, 4, 6.0, 14, 12, Eight, 11, null, , 16, One, One, 10, Three]> but was:<[6.0, Thirteen, 11, 12, null, Nine, 16, 14, Three, 5.0, 2, , Eight, 15, 4, 10, One, One, Seven]>

