-------------------------------------------------------------------------------
Test set: org.apache.commons.collections4.set.CompositeSetTest
-------------------------------------------------------------------------------
Tests run: 37, Failures: 1, Errors: 0, Skipped: 0, Time elapsed: 0.024 s <<< FAILURE! - in org.apache.commons.collections4.set.CompositeSetTest
testCollectionToArray2  Time elapsed: 0 s  <<< FAILURE!
junit.framework.AssertionFailedError: toArrays should be equal expected:<[14, Eight, Three, 10, Nine, One, 4, 5.0, null, 11, 12, , 15, Seven, 6.0, 16, Thirteen, 2]> but was:<[Three, 4, null, 11, 16, , Eight, 10, Thirteen, 12, Nine, Seven, One, 14, 5.0, 2, 6.0, 15]>

