-------------------------------------------------------------------------------
Test set: org.apache.commons.collections4.set.TransformedSetTest
-------------------------------------------------------------------------------
Tests run: 31, Failures: 1, Errors: 0, Skipped: 0, Time elapsed: 0.02 s <<< FAILURE! - in org.apache.commons.collections4.set.TransformedSetTest
testCollectionToArray2  Time elapsed: 0 s  <<< FAILURE!
junit.framework.AssertionFailedError: toArrays should be equal expected:<[5.0, 15, 6.0, 10, Thirteen, 11, 4, Eight, null, Nine, 16, Three, 14, 12, 2, One, Seven, ]> but was:<[11, 16, 2, , Three, 15, 10, Thirteen, 5.0, Seven, One, 4, Eight, null, 14, Nine, 6.0, 12]>

