<?xml version="1.0" encoding="UTF-8"?>
<testsuite xmlns:xsi="http://www.w3.org/2001/XMLSchema-instance" xsi:noNamespaceSchemaLocation="https://maven.apache.org/surefire/maven-surefire-plugin/xsd/surefire-test-report.xsd" name="org.apache.commons.collections4.bag.PredicatedSortedBagTest" time="0.002" tests="78" errors="0" skipped="0" failures="0">
  <properties>
[...]
</properties>
  <testcase name="testBagIteratorFailNoMore" classname="org.apache.commons.collections4.bag.PredicatedSortedBagTest" time="0"/>
  <testcase name="testCollectionContains" classname="org.apache.commons.collections4.bag.PredicatedSortedBagTest" time="0"/>
  <testcase name="testCollectionContains" classname="org.apache.commons.collections4.bag.PredicatedSortedBagTest" time="0"/>
  <testcase name="testBagRemoveAll" classname="org.apache.commons.collections4.bag.PredicatedSortedBagTest" time="0"/>
  <testcase name="testCollectionRemove" classname="org.apache.commons.collections4.bag.PredicatedSortedBagTest" time="0"/>
  <testcase name="testCollectionRemove" classname="org.apache.commons.collections4.bag.PredicatedSortedBagTest" time="0"/>
  <testcase name="testBagRemove" classname="org.apache.commons.collections4.bag.PredicatedSortedBagTest" time="0"/>
  <testcase name="testCollectionRemoveAll" classname="org.apache.commons.collections4.bag.PredicatedSortedBagTest" time="0"/>
  <testcase name="testCollectionRemoveAll" classname="org.apache.commons.collections4.bag.PredicatedSortedBagTest" time="0"/>
  <testcase name="testCollectionAdd" classname="org.apache.commons.collections4.bag.PredicatedSortedBagTest" time="0"/>
  <testcase name="testCollectionAdd" classname="org.apache.commons.collections4.bag.PredicatedSortedBagTest" time="0"/>
  <testcase name="testCollectionIteratorFailFast" classname="org.apache.commons.collections4.bag.PredicatedSortedBagTest" time="0"/>
  <testcase name="testCollectionIteratorFailFast" classname="org.apache.commons.collections4.bag.PredicatedSortedBagTest" time="0"/>
  <testcase name="testCanonicalFullCollectionExists" classname="org.apache.commons.collections4.bag.PredicatedSortedBagTest" time="0"/>
  <testcase name="testCanonicalFullCollectionExists" classname="org.apache.commons.collections4.bag.PredicatedSortedBagTest" time="0"/>
  <testcase name="testCollectionToArray" classname="org.apache.commons.collections4.bag.PredicatedSortedBagTest" time="0"/>
  <testcase name="testCollectionToArray" classname="org.apache.commons.collections4.bag.PredicatedSortedBagTest" time="0"/>
  <testcase name="testCollectionContainsAll" classname="org.apache.commons.collections4.bag.PredicatedSortedBagTest" time="0"/>
  <testcase name="testCollectionContainsAll" classname="org.apache.commons.collections4.bag.PredicatedSortedBagTest" time="0"/>
  <testcase name="testCollectionIterator" classname="org.apache.commons.collections4.bag.PredicatedSortedBagTest" time="0"/>
  <testcase name="testCollectionIterator" classname="org.apache.commons.collections4.bag.PredicatedSortedBagTest" time="0"/>
  <testcase name="testUnsupportedAdd" classname="org.apache.commons.collections4.bag.PredicatedSortedBagTest" time="0"/>
  <testcase name="testUnsupportedAdd" classname="org.apache.commons.collections4.bag.PredicatedSortedBagTest" time="0"/>
  <testcase name="testCollectionRemoveIf" classname="org.apache.commons.collections4.bag.PredicatedSortedBagTest" time="0"/>
  <testcase name="testCollectionRemoveIf" classname="org.apache.commons.collections4.bag.PredicatedSortedBagTest" time="0"/>
  <testcase name="testCollectionSize" classname="org.apache.commons.collections4.bag.PredicatedSortedBagTest" time="0"/>
  <testcase name="testCollectionSize" classname="org.apache.commons.collections4.bag.PredicatedSortedBagTest" time="0"/>
  <testcase name="testCollectionIsEmpty" classname="org.apache.commons.collections4.bag.PredicatedSortedBagTest" time="0"/>
  <testcase name="testCollectionIsEmpty" classname="org.apache.commons.collections4.bag.PredicatedSortedBagTest" time="0"/>
  <testcase name="testEqualsNull" classname="org.apache.commons.collections4.bag.PredicatedSortedBagTest" time="0.001"/>
  <testcase name="testEqualsNull" classname="org.apache.commons.collections4.bag.PredicatedSortedBagTest" time="0"/>
  <testcase name="testSerializeDeserializeThenCompare" classname="org.apache.commons.collections4.bag.PredicatedSortedBagTest" time="0"/>
  <testcase name="testSerializeDeserializeThenCompare" classname="org.apache.commons.collections4.bag.PredicatedSortedBagTest" time="0"/>
  <testcase name="testObjectHashCodeEqualsContract" classname="org.apache.commons.collections4.bag.PredicatedSortedBagTest" time="0"/>
  <testcase name="testObjectHashCodeEqualsContract" classname="org.apache.commons.collections4.bag.PredicatedSortedBagTest" time="0"/>
  <testcase name="testObjectEqualsSelf" classname="org.apache.commons.collections4.bag.PredicatedSortedBagTest" time="0"/>
  <testcase name="testObjectEqualsSelf" classname="org.apache.commons.collections4.bag.PredicatedSortedBagTest" time="0"/>
  <testcase name="testCollectionRetainAll" classname="org.apache.commons.collections4.bag.PredicatedSortedBagTest" time="0"/>
  <testcase name="testCollectionRetainAll" classname="org.apache.commons.collections4.bag.PredicatedSortedBagTest" time="0"/>
  <testcase name="testSetEquals" classname="org.apache.commons.collections4.bag.PredicatedSortedBagTest" time="0"/>
  <testcase name="testCollectionAddAll" classname="org.apache.commons.collections4.bag.PredicatedSortedBagTest" time="0"/>
  <testcase name="testCollectionAddAll" classname="org.apache.commons.collections4.bag.PredicatedSortedBagTest" time="0"/>
  <testcase name="testCanonicalEmptyCollectionExists" classname="org.apache.commons.collections4.bag.PredicatedSortedBagTest" time="0"/>
  <testcase name="testCanonicalEmptyCollectionExists" classname="org.apache.commons.collections4.bag.PredicatedSortedBagTest" time="0"/>
  <testcase name="testCollectionToString" classname="org.apache.commons.collections4.bag.PredicatedSortedBagTest" time="0"/>
  <testcase name="testCollectionToString" classname="org.apache.commons.collections4.bag.PredicatedSortedBagTest" time="0"/>
  <testcase name="testCollectionClear" classname="org.apache.commons.collections4.bag.PredicatedSortedBagTest" time="0"/>
  <testcase name="testCollectionClear" classname="org.apache.commons.collections4.bag.PredicatedSortedBagTest" time="0"/>
  <testcase name="testSimpleSerialization" classname="org.apache.commons.collections4.bag.PredicatedSortedBagTest" time="0"/>
  <testcase name="testSimpleSerialization" classname="org.apache.commons.collections4.bag.PredicatedSortedBagTest" time="0"/>
  <testcase name="testUnsupportedRemove" classname="org.apache.commons.collections4.bag.PredicatedSortedBagTest" time="0"/>
  <testcase name="testUnsupportedRemove" classname="org.apache.commons.collections4.bag.PredicatedSortedBagTest" time="0"/>
  <testcase name="testSetHashCode" classname="org.apache.commons.collections4.bag.PredicatedSortedBagTest" time="0"/>
  <testcase name="testCollectionIteratorRemove" classname="org.apache.commons.collections4.bag.PredicatedSortedBagTest" time="0"/>
  <testcase name="testCollectionIteratorRemove" classname="org.apache.commons.collections4.bag.PredicatedSortedBagTest" time="0"/>
  <testcase name="testObjectHashCodeEqualsSelfHashCode" classname="org.apache.commons.collections4.bag.PredicatedSortedBagTest" time="0"/>
  <testcase name="testObjectHashCodeEqualsSelfHashCode" classname="org.apache.commons.collections4.bag.PredicatedSortedBagTest" time="0"/>
  <testcase name="testCollectionToArray2" classname="org.apache.commons.collections4.bag.PredicatedSortedBagTest" time="0"/>
  <testcase name="testCollectionToArray2" classname="org.apache.commons.collections4.bag.PredicatedSortedBagTest" time="0"/>
  <testcase name="testBagRetainAll" classname="org.apache.commons.collections4.bag.PredicatedSortedBagTest" time="0"/>
  <testcase name="testBagIteratorFailDoubleRemove" classname="org.apache.commons.collections4.bag.PredicatedSortedBagTest" time="0"/>
  <testcase name="testBagIterator" classname="org.apache.commons.collections4.bag.PredicatedSortedBagTest" time="0"/>
  <testcase name="testBagEquals" classname="org.apache.commons.collections4.bag.PredicatedSortedBagTest" time="0"/>
  <testcase name="testBagEqualsHashBag" classname="org.apache.commons.collections4.bag.PredicatedSortedBagTest" time="0"/>
  <testcase name="testBagToArrayPopulate" classname="org.apache.commons.collections4.bag.PredicatedSortedBagTest" time="0"/>
  <testcase name="testBagAdd" classname="org.apache.commons.collections4.bag.PredicatedSortedBagTest" time="0"/>
  <testcase name="testBagContains" classname="org.apache.commons.collections4.bag.PredicatedSortedBagTest" time="0"/>
  <testcase name="testSortOrder" classname="org.apache.commons.collections4.bag.PredicatedSortedBagTest" time="0"/>
  <testcase name="testBagContainsAll" classname="org.apache.commons.collections4.bag.PredicatedSortedBagTest" time="0"/>
  <testcase name="testBagHashCode" classname="org.apache.commons.collections4.bag.PredicatedSortedBagTest" time="0"/>
  <testcase name="testDecorate" classname="org.apache.commons.collections4.bag.PredicatedSortedBagTest" time="0"/>
  <testcase name="testFullBagCompatibility" classname="org.apache.commons.collections4.bag.PredicatedSortedBagTest" time="0"/>
  <testcase name="testBagToArray" classname="org.apache.commons.collections4.bag.PredicatedSortedBagTest" time="0"/>
  <testcase name="testEmptyBagCompatibility" classname="org.apache.commons.collections4.bag.PredicatedSortedBagTest" time="0"/>
  <testcase name="testBagSize" classname="org.apache.commons.collections4.bag.PredicatedSortedBagTest" time="0"/>
  <testcase name="testBagIteratorRemoveProtectsInvariants" classname="org.apache.commons.collections4.bag.PredicatedSortedBagTest" time="0"/>
  <testcase name="testBagEqualsSelf" classname="org.apache.commons.collections4.bag.PredicatedSortedBagTest" time="0"/>
  <testcase name="testBagIteratorFail" classname="org.apache.commons.collections4.bag.PredicatedSortedBagTest" time="0"/>
</testsuite>