-------------------------------------------------------------------------------
Test set: org.apache.commons.collections4.CollectionUtilsTest
-------------------------------------------------------------------------------
Tests run: 160, Failures: 1, Errors: 0, Skipped: 0, Time elapsed: 0.385 s <<< FAILURE! - in org.apache.commons.collections4.CollectionUtilsTest
get  Time elapsed: 0 s  <<< FAILURE!
org.opentest4j.AssertionFailedError: expected: <2=2> but was: <4=4>
	at org.apache.commons.collections4.CollectionUtilsTest.get(CollectionUtilsTest.java:693)

