-------------------------------------------------------------------------------
Test set: org.apache.commons.collections4.set.PredicatedSetTest
-------------------------------------------------------------------------------
Tests run: 32, Failures: 1, Errors: 0, Skipped: 0, Time elapsed: 0.017 s <<< FAILURE! - in org.apache.commons.collections4.set.PredicatedSetTest
testCollectionToArray2  Time elapsed: 0 s  <<< FAILURE!
junit.framework.AssertionFailedError: toArrays should be equal expected:<[5, 2, 3, 4, 7, 1, 6]> but was:<[1, 5, 4, 2, 6, 7, 3]>

