<?xml version="1.0" encoding="UTF-8"?>
<testsuite xmlns:xsi="http://www.w3.org/2001/XMLSchema-instance" xsi:noNamespaceSchemaLocation="https://maven.apache.org/surefire/maven-surefire-plugin/xsd/surefire-test-report.xsd" name="org.apache.commons.collections4.bidimap.UnmodifiableBidiMapTest" time="0.385" tests="370" errors="0" skipped="0" failures="8">
  <properties>
[...]
</properties>
  <testcase name="testBidiModifyEntrySet" classname="org.apache.commons.collections4.bidimap.UnmodifiableBidiMapTest" time="0"/>
  <testcase name="testBidiModifyEntrySet" classname="org.apache.commons.collections4.bidimap.UnmodifiableBidiMapTest" time="0"/>
  <testcase name="testMapContainsKey" classname="org.apache.commons.collections4.bidimap.UnmodifiableBidiMapTest" time="0"/>
  <testcase name="testMapContainsKey" classname="org.apache.commons.collections4.bidimap.UnmodifiableBidiMapTest" time="0"/>
  <testcase name="testBidiRemoveByEntrySet" classname="org.apache.commons.collections4.bidimap.UnmodifiableBidiMapTest" time="0"/>
  <testcase name="testBidiRemoveByEntrySet" classname="org.apache.commons.collections4.bidimap.UnmodifiableBidiMapTest" time="0"/>
  <testcase name="testSetHashCode" classname="org.apache.commons.collections4.bidimap.UnmodifiableBidiMapTest" time="0"/>
  <testcase name="testSetHashCode" classname="org.apache.commons.collections4.bidimap.UnmodifiableBidiMapTest" time="0"/>
  <testcase name="testSetHashCode" classname="org.apache.commons.collections4.bidimap.UnmodifiableBidiMapTest" time="0"/>
  <testcase name="testSetHashCode" classname="org.apache.commons.collections4.bidimap.UnmodifiableBidiMapTest" time="0"/>
  <testcase name="testCollectionSize" classname="org.apache.commons.collections4.bidimap.UnmodifiableBidiMapTest" time="0"/>
  <testcase name="testCollectionSize" classname="org.apache.commons.collections4.bidimap.UnmodifiableBidiMapTest" time="0"/>
  <testcase name="testCollectionSize" classname="org.apache.commons.collections4.bidimap.UnmodifiableBidiMapTest" time="0"/>
  <testcase name="testCollectionSize" classname="org.apache.commons.collections4.bidimap.UnmodifiableBidiMapTest" time="0"/>
  <testcase name="testCollectionSize" classname="org.apache.commons.collections4.bidimap.UnmodifiableBidiMapTest" time="0"/>
  <testcase name="testCollectionSize" classname="org.apache.commons.collections4.bidimap.UnmodifiableBidiMapTest" time="0"/>
  <testcase name="testCollectionRemoveAll" classname="org.apache.commons.collections4.bidimap.UnmodifiableBidiMapTest" time="0"/>
  <testcase name="testCollectionRemoveAll" classname="org.apache.commons.collections4.bidimap.UnmodifiableBidiMapTest" time="0"/>
  <testcase name="testCollectionRemoveAll" classname="org.apache.commons.collections4.bidimap.UnmodifiableBidiMapTest" time="0"/>
  <testcase name="testCollectionRemoveAll" classname="org.apache.commons.collections4.bidimap.UnmodifiableBidiMapTest" time="0"/>
  <testcase name="testCollectionRemoveAll" classname="org.apache.commons.collections4.bidimap.UnmodifiableBidiMapTest" time="0"/>
  <testcase name="testCollectionRemoveAll" classname="org.apache.commons.collections4.bidimap.UnmodifiableBidiMapTest" time="0"/>
  <testcase name="testCollectionRemove" classname="org.apache.commons.collections4.bidimap.UnmodifiableBidiMapTest" time="0"/>
  <testcase name="testCollectionRemove" classname="org.apache.commons.collections4.bidimap.UnmodifiableBidiMapTest" time="0"/>
  <testcase name="testCollectionRemove" classname="org.apache.commons.collections4.bidimap.UnmodifiableBidiMapTest" time="0"/>
  <testcase name="testCollectionRemove" classname="org.apache.commons.collections4.bidimap.UnmodifiableBidiMapTest" time="0"/>
  <testcase name="testCollectionRemove" classname="org.apache.commons.collections4.bidimap.UnmodifiableBidiMapTest" time="0"/>
  <testcase name="testCollectionRemove" classname="org.apache.commons.collections4.bidimap.UnmodifiableBidiMapTest" time="0"/>
  <testcase name="testCollectionContainsAll" classname="org.apache.commons.collections4.bidimap.UnmodifiableBidiMapTest" time="0.001"/>
  <testcase name="testCollectionContainsAll" classname="org.apache.commons.collections4.bidimap.UnmodifiableBidiMapTest" time="0"/>
  <testcase name="testCollectionContainsAll" classname="org.apache.commons.collections4.bidimap.UnmodifiableBidiMapTest" time="0.015"/>
  <testcase name="testCollectionContainsAll" classname="org.apache.commons.collections4.bidimap.UnmodifiableBidiMapTest" time="0.015"/>
  <testcase name="testCollectionContainsAll" classname="org.apache.commons.collections4.bidimap.UnmodifiableBidiMapTest" time="0.015"/>
  <testcase name="testCollectionContainsAll" classname="org.apache.commons.collections4.bidimap.UnmodifiableBidiMapTest" time="0.016"/>
  <testcase name="testCollectionAddAll" classname="org.apache.commons.collections4.bidimap.UnmodifiableBidiMapTest" time="0"/>
  <testcase name="testCollectionAddAll" classname="org.apache.commons.collections4.bidimap.UnmodifiableBidiMapTest" time="0"/>
  <testcase name="testCollectionAddAll" classname="org.apache.commons.collections4.bidimap.UnmodifiableBidiMapTest" time="0"/>
  <testcase name="testCollectionAddAll" classname="org.apache.commons.collections4.bidimap.UnmodifiableBidiMapTest" time="0"/>
  <testcase name="testCollectionAddAll" classname="org.apache.commons.collections4.bidimap.UnmodifiableBidiMapTest" time="0"/>
  <testcase name="testCollectionAddAll" classname="org.apache.commons.collections4.bidimap.UnmodifiableBidiMapTest" time="0"/>
  <testcase name="testSetEquals" classname="org.apache.commons.collections4.bidimap.UnmodifiableBidiMapTest" time="0"/>
  <testcase name="testSetEquals" classname="org.apache.commons.collections4.bidimap.UnmodifiableBidiMapTest" time="0.015"/>
  <testcase name="testSetEquals" classname="org.apache.commons.collections4.bidimap.UnmodifiableBidiMapTest" time="0"/>
  <testcase name="testSetEquals" classname="org.apache.commons.collections4.bidimap.UnmodifiableBidiMapTest" time="0"/>
  <testcase name="testCanonicalEmptyCollectionExists" classname="org.apache.commons.collections4.bidimap.UnmodifiableBidiMapTest" time="0"/>
  <testcase name="testCanonicalEmptyCollectionExists" classname="org.apache.commons.collections4.bidimap.UnmodifiableBidiMapTest" time="0"/>
  <testcase name="testCanonicalEmptyCollectionExists" classname="org.apache.commons.collections4.bidimap.UnmodifiableBidiMapTest" time="0"/>
  <testcase name="testCanonicalEmptyCollectionExists" classname="org.apache.commons.collections4.bidimap.UnmodifiableBidiMapTest" time="0"/>
  <testcase name="testCanonicalEmptyCollectionExists" classname="org.apache.commons.collections4.bidimap.UnmodifiableBidiMapTest" time="0"/>
  <testcase name="testCanonicalEmptyCollectionExists" classname="org.apache.commons.collections4.bidimap.UnmodifiableBidiMapTest" time="0"/>
  <testcase name="testCanonicalEmptyCollectionExists" classname="org.apache.commons.collections4.bidimap.UnmodifiableBidiMapTest" time="0"/>
  <testcase name="testCanonicalEmptyCollectionExists" classname="org.apache.commons.collections4.bidimap.UnmodifiableBidiMapTest" time="0"/>
  <testcase name="testCanonicalEmptyCollectionExists" classname="org.apache.commons.collections4.bidimap.UnmodifiableBidiMapTest" time="0"/>
  <testcase name="testCanonicalEmptyCollectionExists" classname="org.apache.commons.collections4.bidimap.UnmodifiableBidiMapTest" time="0"/>
  <testcase name="testCanonicalEmptyCollectionExists" classname="org.apache.commons.collections4.bidimap.UnmodifiableBidiMapTest" time="0"/>
  <testcase name="testCanonicalEmptyCollectionExists" classname="org.apache.commons.collections4.bidimap.UnmodifiableBidiMapTest" time="0"/>
  <testcase name="testObjectHashCodeEqualsSelfHashCode" classname="org.apache.commons.collections4.bidimap.UnmodifiableBidiMapTest" time="0"/>
  <testcase name="testObjectHashCodeEqualsSelfHashCode" classname="org.apache.commons.collections4.bidimap.UnmodifiableBidiMapTest" time="0"/>
  <testcase name="testObjectHashCodeEqualsSelfHashCode" classname="org.apache.commons.collections4.bidimap.UnmodifiableBidiMapTest" time="0"/>
  <testcase name="testObjectHashCodeEqualsSelfHashCode" classname="org.apache.commons.collections4.bidimap.UnmodifiableBidiMapTest" time="0"/>
  <testcase name="testObjectHashCodeEqualsSelfHashCode" classname="org.apache.commons.collections4.bidimap.UnmodifiableBidiMapTest" time="0"/>
  <testcase name="testObjectHashCodeEqualsSelfHashCode" classname="org.apache.commons.collections4.bidimap.UnmodifiableBidiMapTest" time="0"/>
  <testcase name="testObjectHashCodeEqualsSelfHashCode" classname="org.apache.commons.collections4.bidimap.UnmodifiableBidiMapTest" time="0"/>
  <testcase name="testObjectHashCodeEqualsSelfHashCode" classname="org.apache.commons.collections4.bidimap.UnmodifiableBidiMapTest" time="0"/>
  <testcase name="testObjectHashCodeEqualsSelfHashCode" classname="org.apache.commons.collections4.bidimap.UnmodifiableBidiMapTest" time="0"/>
  <testcase name="testObjectHashCodeEqualsSelfHashCode" classname="org.apache.commons.collections4.bidimap.UnmodifiableBidiMapTest" time="0"/>
  <testcase name="testObjectHashCodeEqualsSelfHashCode" classname="org.apache.commons.collections4.bidimap.UnmodifiableBidiMapTest" time="0"/>
  <testcase name="testObjectHashCodeEqualsSelfHashCode" classname="org.apache.commons.collections4.bidimap.UnmodifiableBidiMapTest" time="0"/>
  <testcase name="testCollectionIterator" classname="org.apache.commons.collections4.bidimap.UnmodifiableBidiMapTest" time="0"/>
  <testcase name="testCollectionIterator" classname="org.apache.commons.collections4.bidimap.UnmodifiableBidiMapTest" time="0"/>
  <testcase name="testCollectionIterator" classname="org.apache.commons.collections4.bidimap.UnmodifiableBidiMapTest" time="0"/>
  <testcase name="testCollectionIterator" classname="org.apache.commons.collections4.bidimap.UnmodifiableBidiMapTest" time="0"/>
  <testcase name="testCollectionIterator" classname="org.apache.commons.collections4.bidimap.UnmodifiableBidiMapTest" time="0"/>
  <testcase name="testCollectionIterator" classname="org.apache.commons.collections4.bidimap.UnmodifiableBidiMapTest" time="0"/>
  <testcase name="testCollectionToString" classname="org.apache.commons.collections4.bidimap.UnmodifiableBidiMapTest" time="0"/>
  <testcase name="testCollectionToString" classname="org.apache.commons.collections4.bidimap.UnmodifiableBidiMapTest" time="0"/>
  <testcase name="testCollectionToString" classname="org.apache.commons.collections4.bidimap.UnmodifiableBidiMapTest" time="0"/>
  <testcase name="testCollectionToString" classname="org.apache.commons.collections4.bidimap.UnmodifiableBidiMapTest" time="0"/>
  <testcase name="testCollectionToString" classname="org.apache.commons.collections4.bidimap.UnmodifiableBidiMapTest" time="0"/>
  <testcase name="testCollectionToString" classname="org.apache.commons.collections4.bidimap.UnmodifiableBidiMapTest" time="0"/>
  <testcase name="testCollectionIteratorFailFast" classname="org.apache.commons.collections4.bidimap.UnmodifiableBidiMapTest" time="0"/>
  <testcase name="testCollectionIteratorFailFast" classname="org.apache.commons.collections4.bidimap.UnmodifiableBidiMapTest" time="0"/>
  <testcase name="testCollectionIteratorFailFast" classname="org.apache.commons.collections4.bidimap.UnmodifiableBidiMapTest" time="0"/>
  <testcase name="testCollectionIteratorFailFast" classname="org.apache.commons.collections4.bidimap.UnmodifiableBidiMapTest" time="0"/>
  <testcase name="testCollectionIteratorFailFast" classname="org.apache.commons.collections4.bidimap.UnmodifiableBidiMapTest" time="0"/>
  <testcase name="testCollectionIteratorFailFast" classname="org.apache.commons.collections4.bidimap.UnmodifiableBidiMapTest" time="0"/>
  <testcase name="testCollectionIsEmpty" classname="org.apache.commons.collections4.bidimap.UnmodifiableBidiMapTest" time="0"/>
  <testcase name="testCollectionIsEmpty" classname="org.apache.commons.collections4.bidimap.UnmodifiableBidiMapTest" time="0.016"/>
  <testcase name="testCollectionIsEmpty" classname="org.apache.commons.collections4.bidimap.UnmodifiableBidiMapTest" time="0"/>
  <testcase name="testCollectionIsEmpty" classname="org.apache.commons.collections4.bidimap.UnmodifiableBidiMapTest" time="0"/>
  <testcase name="testCollectionIsEmpty" classname="org.apache.commons.collections4.bidimap.UnmodifiableBidiMapTest" time="0"/>
  <testcase name="testCollectionIsEmpty" classname="org.apache.commons.collections4.bidimap.UnmodifiableBidiMapTest" time="0"/>
  <testcase name="testCollectionToArray" classname="org.apache.commons.collections4.bidimap.UnmodifiableBidiMapTest" time="0"/>
  <testcase name="testCollectionToArray" classname="org.apache.commons.collections4.bidimap.UnmodifiableBidiMapTest" time="0"/>
  <testcase name="testCollectionToArray" classname="org.apache.commons.collections4.bidimap.UnmodifiableBidiMapTest" time="0"/>
  <testcase name="testCollectionToArray" classname="org.apache.commons.collections4.bidimap.UnmodifiableBidiMapTest" time="0"/>
  <testcase name="testCollectionToArray" classname="org.apache.commons.collections4.bidimap.UnmodifiableBidiMapTest" time="0"/>
  <testcase name="testCollectionToArray" classname="org.apache.commons.collections4.bidimap.UnmodifiableBidiMapTest" time="0"/>
  <testcase name="testCollectionClear" classname="org.apache.commons.collections4.bidimap.UnmodifiableBidiMapTest" time="0"/>
  <testcase name="testCollectionClear" classname="org.apache.commons.collections4.bidimap.UnmodifiableBidiMapTest" time="0"/>
  <testcase name="testCollectionClear" classname="org.apache.commons.collections4.bidimap.UnmodifiableBidiMapTest" time="0"/>
  <testcase name="testCollectionClear" classname="org.apache.commons.collections4.bidimap.UnmodifiableBidiMapTest" time="0"/>
  <testcase name="testCollectionClear" classname="org.apache.commons.collections4.bidimap.UnmodifiableBidiMapTest" time="0"/>
  <testcase name="testCollectionClear" classname="org.apache.commons.collections4.bidimap.UnmodifiableBidiMapTest" time="0"/>
  <testcase name="testCollectionRemoveIf" classname="org.apache.commons.collections4.bidimap.UnmodifiableBidiMapTest" time="0"/>
  <testcase name="testCollectionRemoveIf" classname="org.apache.commons.collections4.bidimap.UnmodifiableBidiMapTest" time="0"/>
  <testcase name="testCollectionRemoveIf" classname="org.apache.commons.collections4.bidimap.UnmodifiableBidiMapTest" time="0"/>
  <testcase name="testCollectionRemoveIf" classname="org.apache.commons.collections4.bidimap.UnmodifiableBidiMapTest" time="0"/>
  <testcase name="testCollectionRemoveIf" classname="org.apache.commons.collections4.bidimap.UnmodifiableBidiMapTest" time="0"/>
  <testcase name="testCollectionRemoveIf" classname="org.apache.commons.collections4.bidimap.UnmodifiableBidiMapTest" time="0"/>
  <testcase name="testSerializeDeserializeThenCompare" classname="org.apache.commons.collections4.bidimap.UnmodifiableBidiMapTest" time="0"/>
  <testcase name="testSerializeDeserializeThenCompare" classname="org.apache.commons.collections4.bidimap.UnmodifiableBidiMapTest" time="0"/>
  <testcase name="testSerializeDeserializeThenCompare" classname="org.apache.commons.collections4.bidimap.UnmodifiableBidiMapTest" time="0"/>
  <testcase name="testSerializeDeserializeThenCompare" classname="org.apache.commons.collections4.bidimap.UnmodifiableBidiMapTest" time="0"/>
  <testcase name="testSerializeDeserializeThenCompare" classname="org.apache.commons.collections4.bidimap.UnmodifiableBidiMapTest" time="0"/>
  <testcase name="testSerializeDeserializeThenCompare" classname="org.apache.commons.collections4.bidimap.UnmodifiableBidiMapTest" time="0"/>
  <testcase name="testSerializeDeserializeThenCompare" classname="org.apache.commons.collections4.bidimap.UnmodifiableBidiMapTest" time="0"/>
  <testcase name="testSerializeDeserializeThenCompare" classname="org.apache.commons.collections4.bidimap.UnmodifiableBidiMapTest" time="0"/>
  <testcase name="testSerializeDeserializeThenCompare" classname="org.apache.commons.collections4.bidimap.UnmodifiableBidiMapTest" time="0"/>
  <testcase name="testSerializeDeserializeThenCompare" classname="org.apache.commons.collections4.bidimap.UnmodifiableBidiMapTest" time="0"/>
  <testcase name="testSerializeDeserializeThenCompare" classname="org.apache.commons.collections4.bidimap.UnmodifiableBidiMapTest" time="0"/>
  <testcase name="testSerializeDeserializeThenCompare" classname="org.apache.commons.collections4.bidimap.UnmodifiableBidiMapTest" time="0"/>
  <testcase name="testSimpleSerialization" classname="org.apache.commons.collections4.bidimap.UnmodifiableBidiMapTest" time="0"/>
  <testcase name="testSimpleSerialization" classname="org.apache.commons.collections4.bidimap.UnmodifiableBidiMapTest" time="0"/>
  <testcase name="testSimpleSerialization" classname="org.apache.commons.collections4.bidimap.UnmodifiableBidiMapTest" time="0"/>
  <testcase name="testSimpleSerialization" classname="org.apache.commons.collections4.bidimap.UnmodifiableBidiMapTest" time="0"/>
  <testcase name="testSimpleSerialization" classname="org.apache.commons.collections4.bidimap.UnmodifiableBidiMapTest" time="0"/>
  <testcase name="testSimpleSerialization" classname="org.apache.commons.collections4.bidimap.UnmodifiableBidiMapTest" time="0"/>
  <testcase name="testSimpleSerialization" classname="org.apache.commons.collections4.bidimap.UnmodifiableBidiMapTest" time="0"/>
  <testcase name="testSimpleSerialization" classname="org.apache.commons.collections4.bidimap.UnmodifiableBidiMapTest" time="0"/>
  <testcase name="testSimpleSerialization" classname="org.apache.commons.collections4.bidimap.UnmodifiableBidiMapTest" time="0"/>
  <testcase name="testSimpleSerialization" classname="org.apache.commons.collections4.bidimap.UnmodifiableBidiMapTest" time="0"/>
  <testcase name="testSimpleSerialization" classname="org.apache.commons.collections4.bidimap.UnmodifiableBidiMapTest" time="0"/>
  <testcase name="testSimpleSerialization" classname="org.apache.commons.collections4.bidimap.UnmodifiableBidiMapTest" time="0"/>
  <testcase name="testCollectionIteratorRemove" classname="org.apache.commons.collections4.bidimap.UnmodifiableBidiMapTest" time="0"/>
  <testcase name="testCollectionIteratorRemove" classname="org.apache.commons.collections4.bidimap.UnmodifiableBidiMapTest" time="0"/>
  <testcase name="testCollectionIteratorRemove" classname="org.apache.commons.collections4.bidimap.UnmodifiableBidiMapTest" time="0"/>
  <testcase name="testCollectionIteratorRemove" classname="org.apache.commons.collections4.bidimap.UnmodifiableBidiMapTest" time="0"/>
  <testcase name="testCollectionIteratorRemove" classname="org.apache.commons.collections4.bidimap.UnmodifiableBidiMapTest" time="0"/>
  <testcase name="testCollectionIteratorRemove" classname="org.apache.commons.collections4.bidimap.UnmodifiableBidiMapTest" time="0"/>
  <testcase name="testCollectionAdd" classname="org.apache.commons.collections4.bidimap.UnmodifiableBidiMapTest" time="0"/>
  <testcase name="testCollectionAdd" classname="org.apache.commons.collections4.bidimap.UnmodifiableBidiMapTest" time="0"/>
  <testcase name="testCollectionAdd" classname="org.apache.commons.collections4.bidimap.UnmodifiableBidiMapTest" time="0"/>
  <testcase name="testCollectionAdd" classname="org.apache.commons.collections4.bidimap.UnmodifiableBidiMapTest" time="0"/>
  <testcase name="testCollectionAdd" classname="org.apache.commons.collections4.bidimap.UnmodifiableBidiMapTest" time="0"/>
  <testcase name="testCollectionAdd" classname="org.apache.commons.collections4.bidimap.UnmodifiableBidiMapTest" time="0"/>
  <testcase name="testUnsupportedRemove" classname="org.apache.commons.collections4.bidimap.UnmodifiableBidiMapTest" time="0"/>
  <testcase name="testUnsupportedRemove" classname="org.apache.commons.collections4.bidimap.UnmodifiableBidiMapTest" time="0"/>
  <testcase name="testUnsupportedRemove" classname="org.apache.commons.collections4.bidimap.UnmodifiableBidiMapTest" time="0"/>
  <testcase name="testUnsupportedRemove" classname="org.apache.commons.collections4.bidimap.UnmodifiableBidiMapTest" time="0.016"/>
  <testcase name="testUnsupportedRemove" classname="org.apache.commons.collections4.bidimap.UnmodifiableBidiMapTest" time="0"/>
  <testcase name="testUnsupportedRemove" classname="org.apache.commons.collections4.bidimap.UnmodifiableBidiMapTest" time="0"/>
  <testcase name="testObjectHashCodeEqualsContract" classname="org.apache.commons.collections4.bidimap.UnmodifiableBidiMapTest" time="0"/>
  <testcase name="testObjectHashCodeEqualsContract" classname="org.apache.commons.collections4.bidimap.UnmodifiableBidiMapTest" time="0"/>
  <testcase name="testObjectHashCodeEqualsContract" classname="org.apache.commons.collections4.bidimap.UnmodifiableBidiMapTest" time="0"/>
  <testcase name="testObjectHashCodeEqualsContract" classname="org.apache.commons.collections4.bidimap.UnmodifiableBidiMapTest" time="0"/>
  <testcase name="testObjectHashCodeEqualsContract" classname="org.apache.commons.collections4.bidimap.UnmodifiableBidiMapTest" time="0"/>
  <testcase name="testObjectHashCodeEqualsContract" classname="org.apache.commons.collections4.bidimap.UnmodifiableBidiMapTest" time="0"/>
  <testcase name="testObjectHashCodeEqualsContract" classname="org.apache.commons.collections4.bidimap.UnmodifiableBidiMapTest" time="0"/>
  <testcase name="testObjectHashCodeEqualsContract" classname="org.apache.commons.collections4.bidimap.UnmodifiableBidiMapTest" time="0"/>
  <testcase name="testObjectHashCodeEqualsContract" classname="org.apache.commons.collections4.bidimap.UnmodifiableBidiMapTest" time="0"/>
  <testcase name="testObjectHashCodeEqualsContract" classname="org.apache.commons.collections4.bidimap.UnmodifiableBidiMapTest" time="0"/>
  <testcase name="testObjectHashCodeEqualsContract" classname="org.apache.commons.collections4.bidimap.UnmodifiableBidiMapTest" time="0"/>
  <testcase name="testObjectHashCodeEqualsContract" classname="org.apache.commons.collections4.bidimap.UnmodifiableBidiMapTest" time="0"/>
  <testcase name="testCollectionToArray2" classname="org.apache.commons.collections4.bidimap.UnmodifiableBidiMapTest" time="0">
    <failure message="toArrays should be equal expected:&lt;[all, tmp, we&apos;ll, null, goodbye, bar, blah, baz, again, key2, you, hello, key, see, foo, gee, gosh, golly]&gt; but was:&lt;[goodbye, gee, you, golly, all, again, blah, tmp, gosh, bar, hello, key, baz, we&apos;ll, foo, key2, null, see]&gt;" type="junit.framework.AssertionFailedError"><![CDATA[junit.framework.AssertionFailedError: toArrays should be equal expected:<[all, tmp, we'll, null, goodbye, bar, blah, baz, again, key2, you, hello, key, see, foo, gee, gosh, golly]> but was:<[goodbye, gee, you, golly, all, again, blah, tmp, gosh, bar, hello, key, baz, we'll, foo, key2, null, see]>
]]></failure>
  </testcase>
  <testcase name="testCollectionToArray2" classname="org.apache.commons.collections4.bidimap.UnmodifiableBidiMapTest" time="0">
    <failure message="toArrays should be equal expected:&lt;[value=key2, gollyv=golly, blahv=blah, barv=bar, null=key, againv=again, geev=gee, bazv=baz, youv=you, goshv=gosh, seev=see, we&apos;llv=we&apos;ll, allv=all, goodbyev=goodbye, value2=null, tmpv=tmp, foov=foo, hellov=hello]&gt; but was:&lt;[goodbyev=goodbye, gollyv=golly, youv=you, null=key, we&apos;llv=we&apos;ll, geev=gee, seev=see, tmpv=tmp, goshv=gosh, blahv=blah, bazv=baz, barv=bar, value=key2, hellov=hello, foov=foo, againv=again, value2=null, allv=all]&gt;" type="junit.framework.AssertionFailedError"><![CDATA[junit.framework.AssertionFailedError: toArrays should be equal expected:<[value=key2, gollyv=golly, blahv=blah, barv=bar, null=key, againv=again, geev=gee, bazv=baz, youv=you, goshv=gosh, seev=see, we'llv=we'll, allv=all, goodbyev=goodbye, value2=null, tmpv=tmp, foov=foo, hellov=hello]> but was:<[goodbyev=goodbye, gollyv=golly, youv=you, null=key, we'llv=we'll, geev=gee, seev=see, tmpv=tmp, goshv=gosh, blahv=blah, bazv=baz, barv=bar, value=key2, hellov=hello, foov=foo, againv=again, value2=null, allv=all]>
]]></failure>
  </testcase>
  <testcase name="testCollectionToArray2" classname="org.apache.commons.collections4.bidimap.UnmodifiableBidiMapTest" time="0">
    <failure message="toArrays should be equal expected:&lt;[value2, seev, youv, geev, allv, tmpv, gollyv, goshv, againv, goodbyev, null, barv, foov, blahv, hellov, value, we&apos;llv, bazv]&gt; but was:&lt;[barv, goshv, null, bazv, blahv, againv, foov, value, tmpv, youv, geev, seev, goodbyev, allv, we&apos;llv, hellov, gollyv, value2]&gt;" type="junit.framework.AssertionFailedError"><![CDATA[junit.framework.AssertionFailedError: toArrays should be equal expected:<[value2, seev, youv, geev, allv, tmpv, gollyv, goshv, againv, goodbyev, null, barv, foov, blahv, hellov, value, we'llv, bazv]> but was:<[barv, goshv, null, bazv, blahv, againv, foov, value, tmpv, youv, geev, seev, goodbyev, allv, we'llv, hellov, gollyv, value2]>
]]></failure>
  </testcase>
  <testcase name="testCollectionToArray2" classname="org.apache.commons.collections4.bidimap.UnmodifiableBidiMapTest" time="0">
    <failure message="toArrays should be equal expected:&lt;[gosh, all, see, goodbye, key2, tmp, golly, you, blah, hello, bar, baz, gee, we&apos;ll, again, key, null, foo]&gt; but was:&lt;[hello, golly, you, baz, goodbye, tmp, key2, we&apos;ll, foo, bar, blah, again, key, see, gee, all, null, gosh]&gt;" type="junit.framework.AssertionFailedError"><![CDATA[junit.framework.AssertionFailedError: toArrays should be equal expected:<[gosh, all, see, goodbye, key2, tmp, golly, you, blah, hello, bar, baz, gee, we'll, again, key, null, foo]> but was:<[hello, golly, you, baz, goodbye, tmp, key2, we'll, foo, bar, blah, again, key, see, gee, all, null, gosh]>
]]></failure>
  </testcase>
  <testcase name="testCollectionToArray2" classname="org.apache.commons.collections4.bidimap.UnmodifiableBidiMapTest" time="0">
    <failure message="toArrays should be equal expected:&lt;[value2, bazv, geev, seev, againv, null, barv, gollyv, foov, we&apos;llv, value, hellov, blahv, goshv, youv, tmpv, goodbyev, allv]&gt; but was:&lt;[goshv, foov, geev, seev, null, hellov, bazv, goodbyev, value2, value, blahv, tmpv, youv, barv, gollyv, againv, we&apos;llv, allv]&gt;" type="junit.framework.AssertionFailedError"><![CDATA[junit.framework.AssertionFailedError: toArrays should be equal expected:<[value2, bazv, geev, seev, againv, null, barv, gollyv, foov, we'llv, value, hellov, blahv, goshv, youv, tmpv, goodbyev, allv]> but was:<[goshv, foov, geev, seev, null, hellov, bazv, goodbyev, value2, value, blahv, tmpv, youv, barv, gollyv, againv, we'llv, allv]>
]]></failure>
  </testcase>
  <testcase name="testCollectionToArray2" classname="org.apache.commons.collections4.bidimap.UnmodifiableBidiMapTest" time="0">
    <failure message="toArrays should be equal expected:&lt;[see=seev, we&apos;ll=we&apos;llv, null=value2, key2=value, bar=barv, hello=hellov, blah=blahv, you=youv, foo=foov, all=allv, goodbye=goodbyev, key=null, baz=bazv, tmp=tmpv, gee=geev, gosh=goshv, golly=gollyv, again=againv]&gt; but was:&lt;[foo=foov, baz=bazv, goodbye=goodbyev, gee=geev, bar=barv, golly=gollyv, key=null, hello=hellov, you=youv, again=againv, tmp=tmpv, key2=value, blah=blahv, all=allv, see=seev, gosh=goshv, we&apos;ll=we&apos;llv, null=value2]&gt;" type="junit.framework.AssertionFailedError"><![CDATA[junit.framework.AssertionFailedError: toArrays should be equal expected:<[see=seev, we'll=we'llv, null=value2, key2=value, bar=barv, hello=hellov, blah=blahv, you=youv, foo=foov, all=allv, goodbye=goodbyev, key=null, baz=bazv, tmp=tmpv, gee=geev, gosh=goshv, golly=gollyv, again=againv]> but was:<[foo=foov, baz=bazv, goodbye=goodbyev, gee=geev, bar=barv, golly=gollyv, key=null, hello=hellov, you=youv, again=againv, tmp=tmpv, key2=value, blah=blahv, all=allv, see=seev, gosh=goshv, we'll=we'llv, null=value2]>
]]></failure>
  </testcase>
  <testcase name="testCollectionRetainAll" classname="org.apache.commons.collections4.bidimap.UnmodifiableBidiMapTest" time="0"/>
  <testcase name="testCollectionRetainAll" classname="org.apache.commons.collections4.bidimap.UnmodifiableBidiMapTest" time="0"/>
  <testcase name="testCollectionRetainAll" classname="org.apache.commons.collections4.bidimap.UnmodifiableBidiMapTest" time="0"/>
  <testcase name="testCollectionRetainAll" classname="org.apache.commons.collections4.bidimap.UnmodifiableBidiMapTest" time="0"/>
  <testcase name="testCollectionRetainAll" classname="org.apache.commons.collections4.bidimap.UnmodifiableBidiMapTest" time="0"/>
  <testcase name="testCollectionRetainAll" classname="org.apache.commons.collections4.bidimap.UnmodifiableBidiMapTest" time="0"/>
  <testcase name="testCollectionContains" classname="org.apache.commons.collections4.bidimap.UnmodifiableBidiMapTest" time="0.017"/>
  <testcase name="testCollectionContains" classname="org.apache.commons.collections4.bidimap.UnmodifiableBidiMapTest" time="0"/>
  <testcase name="testCollectionContains" classname="org.apache.commons.collections4.bidimap.UnmodifiableBidiMapTest" time="0"/>
  <testcase name="testCollectionContains" classname="org.apache.commons.collections4.bidimap.UnmodifiableBidiMapTest" time="0"/>
  <testcase name="testCollectionContains" classname="org.apache.commons.collections4.bidimap.UnmodifiableBidiMapTest" time="0"/>
  <testcase name="testCollectionContains" classname="org.apache.commons.collections4.bidimap.UnmodifiableBidiMapTest" time="0"/>
  <testcase name="testUnsupportedAdd" classname="org.apache.commons.collections4.bidimap.UnmodifiableBidiMapTest" time="0.002"/>
  <testcase name="testUnsupportedAdd" classname="org.apache.commons.collections4.bidimap.UnmodifiableBidiMapTest" time="0"/>
  <testcase name="testUnsupportedAdd" classname="org.apache.commons.collections4.bidimap.UnmodifiableBidiMapTest" time="0"/>
  <testcase name="testUnsupportedAdd" classname="org.apache.commons.collections4.bidimap.UnmodifiableBidiMapTest" time="0"/>
  <testcase name="testUnsupportedAdd" classname="org.apache.commons.collections4.bidimap.UnmodifiableBidiMapTest" time="0"/>
  <testcase name="testUnsupportedAdd" classname="org.apache.commons.collections4.bidimap.UnmodifiableBidiMapTest" time="0"/>
  <testcase name="testCanonicalFullCollectionExists" classname="org.apache.commons.collections4.bidimap.UnmodifiableBidiMapTest" time="0"/>
  <testcase name="testCanonicalFullCollectionExists" classname="org.apache.commons.collections4.bidimap.UnmodifiableBidiMapTest" time="0"/>
  <testcase name="testCanonicalFullCollectionExists" classname="org.apache.commons.collections4.bidimap.UnmodifiableBidiMapTest" time="0"/>
  <testcase name="testCanonicalFullCollectionExists" classname="org.apache.commons.collections4.bidimap.UnmodifiableBidiMapTest" time="0"/>
  <testcase name="testCanonicalFullCollectionExists" classname="org.apache.commons.collections4.bidimap.UnmodifiableBidiMapTest" time="0"/>
  <testcase name="testCanonicalFullCollectionExists" classname="org.apache.commons.collections4.bidimap.UnmodifiableBidiMapTest" time="0"/>
  <testcase name="testCanonicalFullCollectionExists" classname="org.apache.commons.collections4.bidimap.UnmodifiableBidiMapTest" time="0"/>
  <testcase name="testCanonicalFullCollectionExists" classname="org.apache.commons.collections4.bidimap.UnmodifiableBidiMapTest" time="0"/>
  <testcase name="testCanonicalFullCollectionExists" classname="org.apache.commons.collections4.bidimap.UnmodifiableBidiMapTest" time="0"/>
  <testcase name="testCanonicalFullCollectionExists" classname="org.apache.commons.collections4.bidimap.UnmodifiableBidiMapTest" time="0"/>
  <testcase name="testCanonicalFullCollectionExists" classname="org.apache.commons.collections4.bidimap.UnmodifiableBidiMapTest" time="0"/>
  <testcase name="testCanonicalFullCollectionExists" classname="org.apache.commons.collections4.bidimap.UnmodifiableBidiMapTest" time="0"/>
  <testcase name="testObjectEqualsSelf" classname="org.apache.commons.collections4.bidimap.UnmodifiableBidiMapTest" time="0"/>
  <testcase name="testObjectEqualsSelf" classname="org.apache.commons.collections4.bidimap.UnmodifiableBidiMapTest" time="0"/>
  <testcase name="testObjectEqualsSelf" classname="org.apache.commons.collections4.bidimap.UnmodifiableBidiMapTest" time="0"/>
  <testcase name="testObjectEqualsSelf" classname="org.apache.commons.collections4.bidimap.UnmodifiableBidiMapTest" time="0"/>
  <testcase name="testObjectEqualsSelf" classname="org.apache.commons.collections4.bidimap.UnmodifiableBidiMapTest" time="0"/>
  <testcase name="testObjectEqualsSelf" classname="org.apache.commons.collections4.bidimap.UnmodifiableBidiMapTest" time="0"/>
  <testcase name="testObjectEqualsSelf" classname="org.apache.commons.collections4.bidimap.UnmodifiableBidiMapTest" time="0"/>
  <testcase name="testObjectEqualsSelf" classname="org.apache.commons.collections4.bidimap.UnmodifiableBidiMapTest" time="0"/>
  <testcase name="testObjectEqualsSelf" classname="org.apache.commons.collections4.bidimap.UnmodifiableBidiMapTest" time="0"/>
  <testcase name="testObjectEqualsSelf" classname="org.apache.commons.collections4.bidimap.UnmodifiableBidiMapTest" time="0"/>
  <testcase name="testObjectEqualsSelf" classname="org.apache.commons.collections4.bidimap.UnmodifiableBidiMapTest" time="0"/>
  <testcase name="testObjectEqualsSelf" classname="org.apache.commons.collections4.bidimap.UnmodifiableBidiMapTest" time="0"/>
  <testcase name="testEqualsNull" classname="org.apache.commons.collections4.bidimap.UnmodifiableBidiMapTest" time="0"/>
  <testcase name="testEqualsNull" classname="org.apache.commons.collections4.bidimap.UnmodifiableBidiMapTest" time="0"/>
  <testcase name="testEqualsNull" classname="org.apache.commons.collections4.bidimap.UnmodifiableBidiMapTest" time="0"/>
  <testcase name="testEqualsNull" classname="org.apache.commons.collections4.bidimap.UnmodifiableBidiMapTest" time="0"/>
  <testcase name="testEqualsNull" classname="org.apache.commons.collections4.bidimap.UnmodifiableBidiMapTest" time="0"/>
  <testcase name="testEqualsNull" classname="org.apache.commons.collections4.bidimap.UnmodifiableBidiMapTest" time="0"/>
  <testcase name="testEqualsNull" classname="org.apache.commons.collections4.bidimap.UnmodifiableBidiMapTest" time="0"/>
  <testcase name="testEqualsNull" classname="org.apache.commons.collections4.bidimap.UnmodifiableBidiMapTest" time="0"/>
  <testcase name="testEqualsNull" classname="org.apache.commons.collections4.bidimap.UnmodifiableBidiMapTest" time="0"/>
  <testcase name="testEqualsNull" classname="org.apache.commons.collections4.bidimap.UnmodifiableBidiMapTest" time="0"/>
  <testcase name="testEqualsNull" classname="org.apache.commons.collections4.bidimap.UnmodifiableBidiMapTest" time="0"/>
  <testcase name="testEqualsNull" classname="org.apache.commons.collections4.bidimap.UnmodifiableBidiMapTest" time="0"/>
  <testcase name="testMapRemove" classname="org.apache.commons.collections4.bidimap.UnmodifiableBidiMapTest" time="0"/>
  <testcase name="testMapRemove" classname="org.apache.commons.collections4.bidimap.UnmodifiableBidiMapTest" time="0"/>
  <testcase name="testSampleMappings" classname="org.apache.commons.collections4.bidimap.UnmodifiableBidiMapTest" time="0"/>
  <testcase name="testSampleMappings" classname="org.apache.commons.collections4.bidimap.UnmodifiableBidiMapTest" time="0"/>
  <testcase name="testEntrySetRemove3" classname="org.apache.commons.collections4.bidimap.UnmodifiableBidiMapTest" time="0"/>
  <testcase name="testEntrySetRemove3" classname="org.apache.commons.collections4.bidimap.UnmodifiableBidiMapTest" time="0"/>
  <testcase name="testKeySetRemoveChangesMap" classname="org.apache.commons.collections4.bidimap.UnmodifiableBidiMapTest" time="0"/>
  <testcase name="testKeySetRemoveChangesMap" classname="org.apache.commons.collections4.bidimap.UnmodifiableBidiMapTest" time="0"/>
  <testcase name="testEntrySetClearChangesMap" classname="org.apache.commons.collections4.bidimap.UnmodifiableBidiMapTest" time="0"/>
  <testcase name="testEntrySetClearChangesMap" classname="org.apache.commons.collections4.bidimap.UnmodifiableBidiMapTest" time="0"/>
  <testcase name="testMapToString" classname="org.apache.commons.collections4.bidimap.UnmodifiableBidiMapTest" time="0"/>
  <testcase name="testMapToString" classname="org.apache.commons.collections4.bidimap.UnmodifiableBidiMapTest" time="0"/>
  <testcase name="testMapClear" classname="org.apache.commons.collections4.bidimap.UnmodifiableBidiMapTest" time="0"/>
  <testcase name="testMapClear" classname="org.apache.commons.collections4.bidimap.UnmodifiableBidiMapTest" time="0"/>
  <testcase name="testEntrySetRemoveChangesMap" classname="org.apache.commons.collections4.bidimap.UnmodifiableBidiMapTest" time="0"/>
  <testcase name="testEntrySetRemoveChangesMap" classname="org.apache.commons.collections4.bidimap.UnmodifiableBidiMapTest" time="0"/>
  <testcase name="testEntrySetRemove2" classname="org.apache.commons.collections4.bidimap.UnmodifiableBidiMapTest" time="0"/>
  <testcase name="testEntrySetRemove2" classname="org.apache.commons.collections4.bidimap.UnmodifiableBidiMapTest" time="0"/>
  <testcase name="testMapIsEmpty" classname="org.apache.commons.collections4.bidimap.UnmodifiableBidiMapTest" time="0"/>
  <testcase name="testMapIsEmpty" classname="org.apache.commons.collections4.bidimap.UnmodifiableBidiMapTest" time="0"/>
  <testcase name="testMapPutNullKey" classname="org.apache.commons.collections4.bidimap.UnmodifiableBidiMapTest" time="0"/>
  <testcase name="testMapPutNullKey" classname="org.apache.commons.collections4.bidimap.UnmodifiableBidiMapTest" time="0"/>
  <testcase name="testFailFastValues" classname="org.apache.commons.collections4.bidimap.UnmodifiableBidiMapTest" time="0"/>
  <testcase name="testFailFastValues" classname="org.apache.commons.collections4.bidimap.UnmodifiableBidiMapTest" time="0"/>
  <testcase name="testFullMapCompatibility" classname="org.apache.commons.collections4.bidimap.UnmodifiableBidiMapTest" time="0"/>
  <testcase name="testFullMapCompatibility" classname="org.apache.commons.collections4.bidimap.UnmodifiableBidiMapTest" time="0"/>
  <testcase name="testValuesClearChangesMap" classname="org.apache.commons.collections4.bidimap.UnmodifiableBidiMapTest" time="0"/>
  <testcase name="testValuesClearChangesMap" classname="org.apache.commons.collections4.bidimap.UnmodifiableBidiMapTest" time="0"/>
  <testcase name="testMapGet" classname="org.apache.commons.collections4.bidimap.UnmodifiableBidiMapTest" time="0"/>
  <testcase name="testMapGet" classname="org.apache.commons.collections4.bidimap.UnmodifiableBidiMapTest" time="0"/>
  <testcase name="testKeySetRemoveAll" classname="org.apache.commons.collections4.bidimap.UnmodifiableBidiMapTest" time="0"/>
  <testcase name="testKeySetRemoveAll" classname="org.apache.commons.collections4.bidimap.UnmodifiableBidiMapTest" time="0"/>
  <testcase name="testFailFastEntrySet" classname="org.apache.commons.collections4.bidimap.UnmodifiableBidiMapTest" time="0"/>
  <testcase name="testFailFastEntrySet" classname="org.apache.commons.collections4.bidimap.UnmodifiableBidiMapTest" time="0"/>
  <testcase name="testBidiRemoveByKeySet" classname="org.apache.commons.collections4.bidimap.UnmodifiableBidiMapTest" time="0"/>
  <testcase name="testBidiRemoveByKeySet" classname="org.apache.commons.collections4.bidimap.UnmodifiableBidiMapTest" time="0"/>
  <testcase name="testBidiPut" classname="org.apache.commons.collections4.bidimap.UnmodifiableBidiMapTest" time="0"/>
  <testcase name="testBidiPut" classname="org.apache.commons.collections4.bidimap.UnmodifiableBidiMapTest" time="0"/>
  <testcase name="testMapEntrySetRemoveNonMapEntry" classname="org.apache.commons.collections4.bidimap.UnmodifiableBidiMapTest" time="0"/>
  <testcase name="testMapEntrySetRemoveNonMapEntry" classname="org.apache.commons.collections4.bidimap.UnmodifiableBidiMapTest" time="0"/>
  <testcase name="testMapEntrySetIteratorEntrySetValueCrossCheck" classname="org.apache.commons.collections4.bidimap.UnmodifiableBidiMapTest" time="0"/>
  <testcase name="testMapEntrySetIteratorEntrySetValueCrossCheck" classname="org.apache.commons.collections4.bidimap.UnmodifiableBidiMapTest" time="0"/>
  <testcase name="testMapEntrySetIteratorEntry" classname="org.apache.commons.collections4.bidimap.UnmodifiableBidiMapTest" time="0"/>
  <testcase name="testMapEntrySetIteratorEntry" classname="org.apache.commons.collections4.bidimap.UnmodifiableBidiMapTest" time="0"/>
  <testcase name="testMapEntrySetIteratorEntrySetValue" classname="org.apache.commons.collections4.bidimap.UnmodifiableBidiMapTest" time="0"/>
  <testcase name="testMapEntrySetIteratorEntrySetValue" classname="org.apache.commons.collections4.bidimap.UnmodifiableBidiMapTest" time="0.015"/>
  <testcase name="testBidiGetKeyInverse" classname="org.apache.commons.collections4.bidimap.UnmodifiableBidiMapTest" time="0"/>
  <testcase name="testBidiGetKeyInverse" classname="org.apache.commons.collections4.bidimap.UnmodifiableBidiMapTest" time="0"/>
  <testcase name="testMakeMap" classname="org.apache.commons.collections4.bidimap.UnmodifiableBidiMapTest" time="0"/>
  <testcase name="testMakeMap" classname="org.apache.commons.collections4.bidimap.UnmodifiableBidiMapTest" time="0"/>
  <testcase name="testMapContainsValue" classname="org.apache.commons.collections4.bidimap.UnmodifiableBidiMapTest" time="0"/>
  <testcase name="testMapContainsValue" classname="org.apache.commons.collections4.bidimap.UnmodifiableBidiMapTest" time="0"/>
  <testcase name="testBidiClear" classname="org.apache.commons.collections4.bidimap.UnmodifiableBidiMapTest" time="0"/>
  <testcase name="testBidiClear" classname="org.apache.commons.collections4.bidimap.UnmodifiableBidiMapTest" time="0"/>
  <testcase name="testMapPutAll" classname="org.apache.commons.collections4.bidimap.UnmodifiableBidiMapTest" time="0"/>
  <testcase name="testMapPutAll" classname="org.apache.commons.collections4.bidimap.UnmodifiableBidiMapTest" time="0"/>
  <testcase name="testKeySetIteratorRemoveChangesMap" classname="org.apache.commons.collections4.bidimap.UnmodifiableBidiMapTest" time="0"/>
  <testcase name="testKeySetIteratorRemoveChangesMap" classname="org.apache.commons.collections4.bidimap.UnmodifiableBidiMapTest" time="0"/>
  <testcase name="testMapPut" classname="org.apache.commons.collections4.bidimap.UnmodifiableBidiMapTest" time="0"/>
  <testcase name="testMapPut" classname="org.apache.commons.collections4.bidimap.UnmodifiableBidiMapTest" time="0"/>
  <testcase name="testMapPutNullValue" classname="org.apache.commons.collections4.bidimap.UnmodifiableBidiMapTest" time="0"/>
  <testcase name="testMapPutNullValue" classname="org.apache.commons.collections4.bidimap.UnmodifiableBidiMapTest" time="0"/>
  <testcase name="testEntrySetRemoveAll" classname="org.apache.commons.collections4.bidimap.UnmodifiableBidiMapTest" time="0"/>
  <testcase name="testEntrySetRemoveAll" classname="org.apache.commons.collections4.bidimap.UnmodifiableBidiMapTest" time="0"/>
  <testcase name="testEntrySetContains2" classname="org.apache.commons.collections4.bidimap.UnmodifiableBidiMapTest" time="0"/>
  <testcase name="testEntrySetContains2" classname="org.apache.commons.collections4.bidimap.UnmodifiableBidiMapTest" time="0"/>
  <testcase name="testMapIteratorSetRemoveSet" classname="org.apache.commons.collections4.bidimap.UnmodifiableBidiMapTest" time="0"/>
  <testcase name="testMapIteratorSetRemoveSet" classname="org.apache.commons.collections4.bidimap.UnmodifiableBidiMapTest" time="0"/>
  <testcase name="testMapIteratorSetRemoveSet" classname="org.apache.commons.collections4.bidimap.UnmodifiableBidiMapTest" time="0"/>
  <testcase name="testMapIteratorSetRemoveSet" classname="org.apache.commons.collections4.bidimap.UnmodifiableBidiMapTest" time="0"/>
  <testcase name="testRemove" classname="org.apache.commons.collections4.bidimap.UnmodifiableBidiMapTest" time="0"/>
  <testcase name="testRemove" classname="org.apache.commons.collections4.bidimap.UnmodifiableBidiMapTest" time="0"/>
  <testcase name="testRemove" classname="org.apache.commons.collections4.bidimap.UnmodifiableBidiMapTest" time="0"/>
  <testcase name="testRemove" classname="org.apache.commons.collections4.bidimap.UnmodifiableBidiMapTest" time="0"/>
  <testcase name="testFullMapIterator" classname="org.apache.commons.collections4.bidimap.UnmodifiableBidiMapTest" time="0.024"/>
  <testcase name="testFullMapIterator" classname="org.apache.commons.collections4.bidimap.UnmodifiableBidiMapTest" time="0.032"/>
  <testcase name="testFullMapIterator" classname="org.apache.commons.collections4.bidimap.UnmodifiableBidiMapTest" time="0.032"/>
  <testcase name="testFullMapIterator" classname="org.apache.commons.collections4.bidimap.UnmodifiableBidiMapTest" time="0.031"/>
  <testcase name="testEmptyMapIterator" classname="org.apache.commons.collections4.bidimap.UnmodifiableBidiMapTest" time="0"/>
  <testcase name="testEmptyMapIterator" classname="org.apache.commons.collections4.bidimap.UnmodifiableBidiMapTest" time="0"/>
  <testcase name="testEmptyMapIterator" classname="org.apache.commons.collections4.bidimap.UnmodifiableBidiMapTest" time="0"/>
  <testcase name="testEmptyMapIterator" classname="org.apache.commons.collections4.bidimap.UnmodifiableBidiMapTest" time="0"/>
  <testcase name="testFullIterator" classname="org.apache.commons.collections4.bidimap.UnmodifiableBidiMapTest" time="0.032"/>
  <testcase name="testFullIterator" classname="org.apache.commons.collections4.bidimap.UnmodifiableBidiMapTest" time="0.022"/>
  <testcase name="testFullIterator" classname="org.apache.commons.collections4.bidimap.UnmodifiableBidiMapTest" time="0.022"/>
  <testcase name="testFullIterator" classname="org.apache.commons.collections4.bidimap.UnmodifiableBidiMapTest" time="0.022"/>
  <testcase name="testMapIteratorRemoveGetValue" classname="org.apache.commons.collections4.bidimap.UnmodifiableBidiMapTest" time="0"/>
  <testcase name="testMapIteratorRemoveGetValue" classname="org.apache.commons.collections4.bidimap.UnmodifiableBidiMapTest" time="0"/>
  <testcase name="testMapIteratorRemoveGetValue" classname="org.apache.commons.collections4.bidimap.UnmodifiableBidiMapTest" time="0"/>
  <testcase name="testMapIteratorRemoveGetValue" classname="org.apache.commons.collections4.bidimap.UnmodifiableBidiMapTest" time="0"/>
  <testcase name="testMapIteratorRemoveGetKey" classname="org.apache.commons.collections4.bidimap.UnmodifiableBidiMapTest" time="0"/>
  <testcase name="testMapIteratorRemoveGetKey" classname="org.apache.commons.collections4.bidimap.UnmodifiableBidiMapTest" time="0"/>
  <testcase name="testMapIteratorRemoveGetKey" classname="org.apache.commons.collections4.bidimap.UnmodifiableBidiMapTest" time="0"/>
  <testcase name="testMapIteratorRemoveGetKey" classname="org.apache.commons.collections4.bidimap.UnmodifiableBidiMapTest" time="0"/>
  <testcase name="testMapIteratorSet" classname="org.apache.commons.collections4.bidimap.UnmodifiableBidiMapTest" time="0"/>
  <testcase name="testMapIteratorSet" classname="org.apache.commons.collections4.bidimap.UnmodifiableBidiMapTest" time="0"/>
  <testcase name="testMapIteratorSet" classname="org.apache.commons.collections4.bidimap.UnmodifiableBidiMapTest" time="0"/>
  <testcase name="testMapIteratorSet" classname="org.apache.commons.collections4.bidimap.UnmodifiableBidiMapTest" time="0"/>
  <testcase name="testEmptyIterator" classname="org.apache.commons.collections4.bidimap.UnmodifiableBidiMapTest" time="0"/>
  <testcase name="testEmptyIterator" classname="org.apache.commons.collections4.bidimap.UnmodifiableBidiMapTest" time="0"/>
  <testcase name="testEmptyIterator" classname="org.apache.commons.collections4.bidimap.UnmodifiableBidiMapTest" time="0"/>
  <testcase name="testEmptyIterator" classname="org.apache.commons.collections4.bidimap.UnmodifiableBidiMapTest" time="0"/>
  <testcase name="testBidiKeySetValuesOrder" classname="org.apache.commons.collections4.bidimap.UnmodifiableBidiMapTest" time="0">
    <failure message="expected same:&lt;goodbye&gt; was not:&lt;bar&gt;" type="junit.framework.AssertionFailedError"><![CDATA[junit.framework.AssertionFailedError: expected same:<goodbye> was not:<bar>
]]></failure>
  </testcase>
  <testcase name="testBidiKeySetValuesOrder" classname="org.apache.commons.collections4.bidimap.UnmodifiableBidiMapTest" time="0">
    <failure message="expected same:&lt;againv&gt; was not:&lt;we&apos;llv&gt;" type="junit.framework.AssertionFailedError"><![CDATA[junit.framework.AssertionFailedError: expected same:<againv> was not:<we'llv>
]]></failure>
  </testcase>
  <testcase name="testKeySetClearChangesMap" classname="org.apache.commons.collections4.bidimap.UnmodifiableBidiMapTest" time="0"/>
  <testcase name="testKeySetClearChangesMap" classname="org.apache.commons.collections4.bidimap.UnmodifiableBidiMapTest" time="0"/>
  <testcase name="testKeySetRetainAll" classname="org.apache.commons.collections4.bidimap.UnmodifiableBidiMapTest" time="0"/>
  <testcase name="testKeySetRetainAll" classname="org.apache.commons.collections4.bidimap.UnmodifiableBidiMapTest" time="0"/>
  <testcase name="testEntrySetRetainAll" classname="org.apache.commons.collections4.bidimap.UnmodifiableBidiMapTest" time="0"/>
  <testcase name="testEntrySetRetainAll" classname="org.apache.commons.collections4.bidimap.UnmodifiableBidiMapTest" time="0"/>
  <testcase name="testFailFastKeySet" classname="org.apache.commons.collections4.bidimap.UnmodifiableBidiMapTest" time="0"/>
  <testcase name="testFailFastKeySet" classname="org.apache.commons.collections4.bidimap.UnmodifiableBidiMapTest" time="0"/>
  <testcase name="testValuesIteratorRemoveChangesMap" classname="org.apache.commons.collections4.bidimap.UnmodifiableBidiMapTest" time="0"/>
  <testcase name="testValuesIteratorRemoveChangesMap" classname="org.apache.commons.collections4.bidimap.UnmodifiableBidiMapTest" time="0"/>
  <testcase name="testValuesRemoveChangesMap" classname="org.apache.commons.collections4.bidimap.UnmodifiableBidiMapTest" time="0"/>
  <testcase name="testValuesRemoveChangesMap" classname="org.apache.commons.collections4.bidimap.UnmodifiableBidiMapTest" time="0"/>
  <testcase name="testEntrySetIteratorRemoveChangesMap" classname="org.apache.commons.collections4.bidimap.UnmodifiableBidiMapTest" time="0"/>
  <testcase name="testEntrySetIteratorRemoveChangesMap" classname="org.apache.commons.collections4.bidimap.UnmodifiableBidiMapTest" time="0"/>
  <testcase name="testMapSize" classname="org.apache.commons.collections4.bidimap.UnmodifiableBidiMapTest" time="0"/>
  <testcase name="testMapSize" classname="org.apache.commons.collections4.bidimap.UnmodifiableBidiMapTest" time="0"/>
  <testcase name="testEmptyMapCompatibility" classname="org.apache.commons.collections4.bidimap.UnmodifiableBidiMapTest" time="0"/>
  <testcase name="testEmptyMapCompatibility" classname="org.apache.commons.collections4.bidimap.UnmodifiableBidiMapTest" time="0"/>
  <testcase name="testBidiInverse" classname="org.apache.commons.collections4.bidimap.UnmodifiableBidiMapTest" time="0"/>
  <testcase name="testBidiInverse" classname="org.apache.commons.collections4.bidimap.UnmodifiableBidiMapTest" time="0"/>
  <testcase name="testValuesRemoveAll" classname="org.apache.commons.collections4.bidimap.UnmodifiableBidiMapTest" time="0"/>
  <testcase name="testValuesRemoveAll" classname="org.apache.commons.collections4.bidimap.UnmodifiableBidiMapTest" time="0"/>
  <testcase name="testMapEquals" classname="org.apache.commons.collections4.bidimap.UnmodifiableBidiMapTest" time="0"/>
  <testcase name="testMapEquals" classname="org.apache.commons.collections4.bidimap.UnmodifiableBidiMapTest" time="0"/>
  <testcase name="testEntrySetRemove1" classname="org.apache.commons.collections4.bidimap.UnmodifiableBidiMapTest" time="0"/>
  <testcase name="testEntrySetRemove1" classname="org.apache.commons.collections4.bidimap.UnmodifiableBidiMapTest" time="0"/>
  <testcase name="testValuesRetainAll" classname="org.apache.commons.collections4.bidimap.UnmodifiableBidiMapTest" time="0"/>
  <testcase name="testValuesRetainAll" classname="org.apache.commons.collections4.bidimap.UnmodifiableBidiMapTest" time="0"/>
  <testcase name="testBidiGetKey" classname="org.apache.commons.collections4.bidimap.UnmodifiableBidiMapTest" time="0"/>
  <testcase name="testBidiGetKey" classname="org.apache.commons.collections4.bidimap.UnmodifiableBidiMapTest" time="0"/>
  <testcase name="testEntrySetContains3" classname="org.apache.commons.collections4.bidimap.UnmodifiableBidiMapTest" time="0"/>
  <testcase name="testEntrySetContains3" classname="org.apache.commons.collections4.bidimap.UnmodifiableBidiMapTest" time="0"/>
  <testcase name="testBidiMapIteratorSet" classname="org.apache.commons.collections4.bidimap.UnmodifiableBidiMapTest" time="0"/>
  <testcase name="testBidiMapIteratorSet" classname="org.apache.commons.collections4.bidimap.UnmodifiableBidiMapTest" time="0"/>
  <testcase name="testMapHashCode" classname="org.apache.commons.collections4.bidimap.UnmodifiableBidiMapTest" time="0"/>
  <testcase name="testMapHashCode" classname="org.apache.commons.collections4.bidimap.UnmodifiableBidiMapTest" time="0"/>
  <testcase name="testEntrySetContains1" classname="org.apache.commons.collections4.bidimap.UnmodifiableBidiMapTest" time="0"/>
  <testcase name="testEntrySetContains1" classname="org.apache.commons.collections4.bidimap.UnmodifiableBidiMapTest" time="0"/>
  <testcase name="testBidiRemove" classname="org.apache.commons.collections4.bidimap.UnmodifiableBidiMapTest" time="0"/>
  <testcase name="testBidiRemove" classname="org.apache.commons.collections4.bidimap.UnmodifiableBidiMapTest" time="0"/>
  <testcase name="testUnmodifiable" classname="org.apache.commons.collections4.bidimap.UnmodifiableBidiMapTest" time="0"/>
  <testcase name="testDecorateFactory" classname="org.apache.commons.collections4.bidimap.UnmodifiableBidiMapTest" time="0"/>
</testsuite>